This is XeTeX, Version 3.141592653-2.6-0.999995 (TeX Live 2023/nixos.org) (preloaded format=xelatex 1980.1.1)  27 SEP 2024 00:22
entering extended mode
 restricted \write18 enabled.
 %&-line parsing enabled.
**resume.tex
(./resume.tex
LaTeX2e <2023-11-01> patch level 1
L3 programming layer <2024-02-20>

(/nix/store/rh2w1bhfx9x458nc45fmb0xjnsvhrs1l-texlive-combined-2023-texmfdist/te
x/latex/moderncv/moderncv.cls
Document Class: moderncv 2022-02-21 v2.3.1 modern curriculum vitae and letter d
ocument class

(/nix/store/rh2w1bhfx9x458nc45fmb0xjnsvhrs1l-texlive-combined-2023-texmfdist/te
x/latex/base/size11.clo
File: size11.clo 2023/05/17 v1.4n Standard LaTeX file (size option)
)
(/nix/store/rh2w1bhfx9x458nc45fmb0xjnsvhrs1l-texlive-combined-2023-texmfdist/te
x/latex/etoolbox/etoolbox.sty
Package: etoolbox 2020/10/05 v2.5k e-TeX tools for LaTeX (JAW)
\etb@tempcnta=\count184
)
(/nix/store/rh2w1bhfx9x458nc45fmb0xjnsvhrs1l-texlive-combined-2023-texmfdist/te
x/latex/base/ifthen.sty
Package: ifthen 2022/04/13 v1.1d Standard LaTeX ifthen package (DPC)
)
(/nix/store/rh2w1bhfx9x458nc45fmb0xjnsvhrs1l-texlive-combined-2023-texmfdist/te
x/latex/xcolor/xcolor.sty
Package: xcolor 2023/11/15 v3.01 LaTeX color extensions (UK)

(/nix/store/rh2w1bhfx9x458nc45fmb0xjnsvhrs1l-texlive-combined-2023-texmfdist/te
x/latex/graphics-cfg/color.cfg
File: color.cfg 2016/01/02 v1.6 sample color configuration
)
Package xcolor Info: Driver file: xetex.def on input line 274.

(/nix/store/rh2w1bhfx9x458nc45fmb0xjnsvhrs1l-texlive-combined-2023-texmfdist/te
x/latex/graphics-def/xetex.def
File: xetex.def 2022/09/22 v5.0n Graphics/color driver for xetex
)
(/nix/store/rh2w1bhfx9x458nc45fmb0xjnsvhrs1l-texlive-combined-2023-texmfdist/te
x/latex/graphics/mathcolor.ltx)
Package xcolor Info: Model `cmy' substituted by `cmy0' on input line 1350.
Package xcolor Info: Model `RGB' extended on input line 1366.
Package xcolor Info: Model `HTML' substituted by `rgb' on input line 1368.
Package xcolor Info: Model `Hsb' substituted by `hsb' on input line 1369.
Package xcolor Info: Model `tHsb' substituted by `hsb' on input line 1370.
Package xcolor Info: Model `HSB' substituted by `hsb' on input line 1371.
Package xcolor Info: Model `Gray' substituted by `gray' on input line 1372.
Package xcolor Info: Model `wave' substituted by `hsb' on input line 1373.
)
(/nix/store/rh2w1bhfx9x458nc45fmb0xjnsvhrs1l-texlive-combined-2023-texmfdist/te
x/latex/colortbl/colortbl.sty
Package: colortbl 2024/02/20 v1.0g Color table columns (DPC)

(/nix/store/rh2w1bhfx9x458nc45fmb0xjnsvhrs1l-texlive-combined-2023-texmfdist/te
x/latex/tools/array.sty
Package: array 2023/10/16 v2.5g Tabular extension package (FMi)
\col@sep=\dimen140
\ar@mcellbox=\box51
\extrarowheight=\dimen141
\NC@list=\toks17
\extratabsurround=\skip48
\backup@length=\skip49
\ar@cellbox=\box52
)
\everycr=\toks18
\minrowclearance=\skip50
\rownum=\count185
)
(/nix/store/rh2w1bhfx9x458nc45fmb0xjnsvhrs1l-texlive-combined-2023-texmfdist/te
x/generic/iftex/iftex.sty
Package: iftex 2022/02/03 v1.0f TeX engine tests
)
(/nix/store/rh2w1bhfx9x458nc45fmb0xjnsvhrs1l-texlive-combined-2023-texmfdist/te
x/latex/url/url.sty
\Urlmuskip=\muskip16
Package: url 2013/09/16  ver 3.4  Verb mode for urls, etc.
)
(/nix/store/rh2w1bhfx9x458nc45fmb0xjnsvhrs1l-texlive-combined-2023-texmfdist/te
x/latex/graphics/graphicx.sty
Package: graphicx 2021/09/16 v1.2d Enhanced LaTeX Graphics (DPC,SPQR)

(/nix/store/rh2w1bhfx9x458nc45fmb0xjnsvhrs1l-texlive-combined-2023-texmfdist/te
x/latex/graphics/keyval.sty
Package: keyval 2022/05/29 v1.15 key=value parser (DPC)
\KV@toks@=\toks19
)
(/nix/store/rh2w1bhfx9x458nc45fmb0xjnsvhrs1l-texlive-combined-2023-texmfdist/te
x/latex/graphics/graphics.sty
Package: graphics 2022/03/10 v1.4e Standard LaTeX Graphics (DPC,SPQR)

(/nix/store/rh2w1bhfx9x458nc45fmb0xjnsvhrs1l-texlive-combined-2023-texmfdist/te
x/latex/graphics/trig.sty
Package: trig 2021/08/11 v1.11 sin cos tan (DPC)
)
(/nix/store/rh2w1bhfx9x458nc45fmb0xjnsvhrs1l-texlive-combined-2023-texmfdist/te
x/latex/graphics-cfg/graphics.cfg
File: graphics.cfg 2016/06/04 v1.11 sample graphics configuration
)
Package graphics Info: Driver file: xetex.def on input line 107.
)
\Gin@req@height=\dimen142
\Gin@req@width=\dimen143
)
(/nix/store/rh2w1bhfx9x458nc45fmb0xjnsvhrs1l-texlive-combined-2023-texmfdist/te
x/latex/fancyhdr/fancyhdr.sty
Package: fancyhdr 2022/11/09 v4.1 Extensive control of page headers and footers

\f@nch@headwidth=\skip51
\f@nch@O@elh=\skip52
\f@nch@O@erh=\skip53
\f@nch@O@olh=\skip54
\f@nch@O@orh=\skip55
\f@nch@O@elf=\skip56
\f@nch@O@erf=\skip57
\f@nch@O@olf=\skip58
\f@nch@O@orf=\skip59
)
(/nix/store/rh2w1bhfx9x458nc45fmb0xjnsvhrs1l-texlive-combined-2023-texmfdist/te
x/latex/moderncv/tweaklist.sty)
(/nix/store/rh2w1bhfx9x458nc45fmb0xjnsvhrs1l-texlive-combined-2023-texmfdist/te
x/latex/tools/calc.sty
Package: calc 2023/07/08 v4.3 Infix arithmetic (KKT,FJ)
\calc@Acount=\count186
\calc@Bcount=\count187
\calc@Adimen=\dimen144
\calc@Bdimen=\dimen145
\calc@Askip=\skip60
\calc@Bskip=\skip61
LaTeX Info: Redefining \setlength on input line 80.
LaTeX Info: Redefining \addtolength on input line 81.
\calc@Ccount=\count188
\calc@Cskip=\skip62
)
(/nix/store/rh2w1bhfx9x458nc45fmb0xjnsvhrs1l-texlive-combined-2023-texmfdist/te
x/latex/l3packages/xparse/xparse.sty
(/nix/store/rh2w1bhfx9x458nc45fmb0xjnsvhrs1l-texlive-combined-2023-texmfdist/te
x/latex/l3kernel/expl3.sty
Package: expl3 2024-02-20 L3 programming layer (loader) 

(/nix/store/rh2w1bhfx9x458nc45fmb0xjnsvhrs1l-texlive-combined-2023-texmfdist/te
x/latex/l3backend/l3backend-xetex.def
File: l3backend-xetex.def 2024-02-20 L3 backend support: XeTeX
\g__graphics_track_int=\count189
\l__pdf_internal_box=\box53
\g__pdf_backend_object_int=\count190
\g__pdf_backend_annotation_int=\count191
\g__pdf_backend_link_int=\count192
))
Package: xparse 2024-02-18 L3 Experimental document command parser
)
(/nix/store/rh2w1bhfx9x458nc45fmb0xjnsvhrs1l-texlive-combined-2023-texmfdist/te
x/latex/microtype/microtype.sty
Package: microtype 2023/03/13 v3.1a Micro-typographical refinements (RS)
\MT@toks=\toks20
\MT@tempbox=\box54
\MT@count=\count193
LaTeX Info: Redefining \noprotrusionifhmode on input line 1059.
LaTeX Info: Redefining \leftprotrusion on input line 1060.
\MT@prot@toks=\toks21
LaTeX Info: Redefining \rightprotrusion on input line 1078.
LaTeX Info: Redefining \textls on input line 1368.
\MT@outer@kern=\dimen146
LaTeX Info: Redefining \textmicrotypecontext on input line 1988.
\MT@listname@count=\count194

(/nix/store/rh2w1bhfx9x458nc45fmb0xjnsvhrs1l-texlive-combined-2023-texmfdist/te
x/latex/microtype/microtype-xetex.def
File: microtype-xetex.def 2023/03/13 v3.1a Definitions specific to xetex (RS)
LaTeX Info: Redefining \lsstyle on input line 238.
)
Package microtype Info: Loading configuration file microtype.cfg.

(/nix/store/rh2w1bhfx9x458nc45fmb0xjnsvhrs1l-texlive-combined-2023-texmfdist/te
x/latex/microtype/microtype.cfg
File: microtype.cfg 2023/03/13 v3.1a microtype main configuration file (RS)
))
(/nix/store/rh2w1bhfx9x458nc45fmb0xjnsvhrs1l-texlive-combined-2023-texmfdist/te
x/latex/moderncv/moderncvcollection.sty
Package: moderncvcollection 2022-02-21 v2.3.1 moderncv collections
\c@collection@iterator=\count195
)
(/nix/store/rh2w1bhfx9x458nc45fmb0xjnsvhrs1l-texlive-combined-2023-texmfdist/te
x/latex/moderncv/moderncvcompatibility.sty
Package: moderncvcompatibility 2022-02-21 v2.3.1 modern curriculum vitae and le
tter compatibility patches
)
\c@collection@phones@count=\count196
\c@collection@socials@count=\count197
\c@cvcolumnscounter=\count198
\c@cvcolumnsautowidthcounter=\count199
\c@tmpiteratorcounter=\count266
\cvcolumnsdummywidth=\skip63
\cvcolumnswidth=\skip64
\cvcolumnsautowidth=\skip65
\cvcolumnautowidth=\skip66
\bibindent=\skip67
)
(/nix/store/rh2w1bhfx9x458nc45fmb0xjnsvhrs1l-texlive-combined-2023-texmfdist/te
x/latex/moderncv/moderncvstyleclassic.sty
Package: moderncvstyleclassic 2022-02-21 v2.3.1 modern curriculum vitae and let
ter style scheme: classic

(/nix/store/rh2w1bhfx9x458nc45fmb0xjnsvhrs1l-texlive-combined-2023-texmfdist/te
x/latex/moderncv/moderncviconssymbols.sty
Package: moderncviconssymbols 2021-12-12 v2.2.0 modern curriculum vitae icons s
elector

(/nix/store/rh2w1bhfx9x458nc45fmb0xjnsvhrs1l-texlive-combined-2023-texmfdist/te
x/latex/moderncv/moderncviconsawesome.sty
Package: moderncviconsawesome 2022-02-21 v2.3.1 modern curriculum vitae icons: 
awesome

(/nix/store/rh2w1bhfx9x458nc45fmb0xjnsvhrs1l-texlive-combined-2023-texmfdist/te
x/latex/fontawesome5/fontawesome5.sty
Package: fontawesome5 2022/05/02 v5.15.4 Font Awesome 5

(/nix/store/rh2w1bhfx9x458nc45fmb0xjnsvhrs1l-texlive-combined-2023-texmfdist/te
x/latex/l3packages/l3keys2e/l3keys2e.sty
Package: l3keys2e 2024-02-18 LaTeX2e option processing using LaTeX3 keys
)
(/nix/store/rh2w1bhfx9x458nc45fmb0xjnsvhrs1l-texlive-combined-2023-texmfdist/te
x/latex/fontawesome5/fontawesome5-utex-helper.sty
Package: fontawesome5-utex-helper 2022/05/02 v5.15.4 uTeX helper for fontawesom
e5
LaTeX Font Info:    Trying to load font information for TU+fontawesomefree on i
nput line 69.

(/nix/store/rh2w1bhfx9x458nc45fmb0xjnsvhrs1l-texlive-combined-2023-texmfdist/te
x/latex/fontawesome5/tufontawesomefree.fd)
LaTeX Font Info:    Trying to load font information for TU+fontawesomebrands on
 input line 70.

(/nix/store/rh2w1bhfx9x458nc45fmb0xjnsvhrs1l-texlive-combined-2023-texmfdist/te
x/latex/fontawesome5/tufontawesomebrands.fd))))
(/nix/store/rh2w1bhfx9x458nc45fmb0xjnsvhrs1l-texlive-combined-2023-texmfdist/te
x/latex/moderncv/moderncviconsacademic.sty
Package: moderncviconsacademic 2022-02-21 v2.3.1 modern curriculum vitae icons:
 academicons

(/nix/store/rh2w1bhfx9x458nc45fmb0xjnsvhrs1l-texlive-combined-2023-texmfdist/te
x/latex/academicons/academicons.sty
Package: academicons 2021/11/26 v1.9.1 Academicons Icons
))
(/nix/store/rh2w1bhfx9x458nc45fmb0xjnsvhrs1l-texlive-combined-2023-texmfdist/te
x/latex/moderncv/moderncviconstikz.sty
Package: moderncviconstikz 2022-02-21 v2.3.1 modern curriculum vitae and letter
 icons: tickz

(/nix/store/rh2w1bhfx9x458nc45fmb0xjnsvhrs1l-texlive-combined-2023-texmfdist/te
x/latex/pgf/frontendlayer/tikz.sty
(/nix/store/rh2w1bhfx9x458nc45fmb0xjnsvhrs1l-texlive-combined-2023-texmfdist/te
x/latex/pgf/basiclayer/pgf.sty
(/nix/store/rh2w1bhfx9x458nc45fmb0xjnsvhrs1l-texlive-combined-2023-texmfdist/te
x/latex/pgf/utilities/pgfrcs.sty
(/nix/store/rh2w1bhfx9x458nc45fmb0xjnsvhrs1l-texlive-combined-2023-texmfdist/te
x/generic/pgf/utilities/pgfutil-common.tex
\pgfutil@everybye=\toks22
\pgfutil@tempdima=\dimen147
\pgfutil@tempdimb=\dimen148
)
(/nix/store/rh2w1bhfx9x458nc45fmb0xjnsvhrs1l-texlive-combined-2023-texmfdist/te
x/generic/pgf/utilities/pgfutil-latex.def
\pgfutil@abb=\box55
)
(/nix/store/rh2w1bhfx9x458nc45fmb0xjnsvhrs1l-texlive-combined-2023-texmfdist/te
x/generic/pgf/utilities/pgfrcs.code.tex
(/nix/store/rh2w1bhfx9x458nc45fmb0xjnsvhrs1l-texlive-combined-2023-texmfdist/te
x/generic/pgf/pgf.revision.tex)
Package: pgfrcs 2023-01-15 v3.1.10 (3.1.10)
))
Package: pgf 2023-01-15 v3.1.10 (3.1.10)

(/nix/store/rh2w1bhfx9x458nc45fmb0xjnsvhrs1l-texlive-combined-2023-texmfdist/te
x/latex/pgf/basiclayer/pgfcore.sty
(/nix/store/rh2w1bhfx9x458nc45fmb0xjnsvhrs1l-texlive-combined-2023-texmfdist/te
x/latex/pgf/systemlayer/pgfsys.sty
(/nix/store/rh2w1bhfx9x458nc45fmb0xjnsvhrs1l-texlive-combined-2023-texmfdist/te
x/generic/pgf/systemlayer/pgfsys.code.tex
Package: pgfsys 2023-01-15 v3.1.10 (3.1.10)

(/nix/store/rh2w1bhfx9x458nc45fmb0xjnsvhrs1l-texlive-combined-2023-texmfdist/te
x/generic/pgf/utilities/pgfkeys.code.tex
\pgfkeys@pathtoks=\toks23
\pgfkeys@temptoks=\toks24

(/nix/store/rh2w1bhfx9x458nc45fmb0xjnsvhrs1l-texlive-combined-2023-texmfdist/te
x/generic/pgf/utilities/pgfkeyslibraryfiltered.code.tex
\pgfkeys@tmptoks=\toks25
))
\pgf@x=\dimen149
\pgf@y=\dimen150
\pgf@xa=\dimen151
\pgf@ya=\dimen152
\pgf@xb=\dimen153
\pgf@yb=\dimen154
\pgf@xc=\dimen155
\pgf@yc=\dimen156
\pgf@xd=\dimen157
\pgf@yd=\dimen158
\w@pgf@writea=\write3
\r@pgf@reada=\read2
\c@pgf@counta=\count267
\c@pgf@countb=\count268
\c@pgf@countc=\count269
\c@pgf@countd=\count270
\t@pgf@toka=\toks26
\t@pgf@tokb=\toks27
\t@pgf@tokc=\toks28
\pgf@sys@id@count=\count271

(/nix/store/rh2w1bhfx9x458nc45fmb0xjnsvhrs1l-texlive-combined-2023-texmfdist/te
x/generic/pgf/systemlayer/pgf.cfg
File: pgf.cfg 2023-01-15 v3.1.10 (3.1.10)
)
Driver file for pgf: pgfsys-xetex.def

(/nix/store/rh2w1bhfx9x458nc45fmb0xjnsvhrs1l-texlive-combined-2023-texmfdist/te
x/generic/pgf/systemlayer/pgfsys-xetex.def
File: pgfsys-xetex.def 2023-01-15 v3.1.10 (3.1.10)

(/nix/store/rh2w1bhfx9x458nc45fmb0xjnsvhrs1l-texlive-combined-2023-texmfdist/te
x/generic/pgf/systemlayer/pgfsys-dvipdfmx.def
File: pgfsys-dvipdfmx.def 2023-01-15 v3.1.10 (3.1.10)

(/nix/store/rh2w1bhfx9x458nc45fmb0xjnsvhrs1l-texlive-combined-2023-texmfdist/te
x/generic/pgf/systemlayer/pgfsys-common-pdf.def
File: pgfsys-common-pdf.def 2023-01-15 v3.1.10 (3.1.10)
)
\pgfsys@objnum=\count272
)))
(/nix/store/rh2w1bhfx9x458nc45fmb0xjnsvhrs1l-texlive-combined-2023-texmfdist/te
x/generic/pgf/systemlayer/pgfsyssoftpath.code.tex
File: pgfsyssoftpath.code.tex 2023-01-15 v3.1.10 (3.1.10)
\pgfsyssoftpath@smallbuffer@items=\count273
\pgfsyssoftpath@bigbuffer@items=\count274
)
(/nix/store/rh2w1bhfx9x458nc45fmb0xjnsvhrs1l-texlive-combined-2023-texmfdist/te
x/generic/pgf/systemlayer/pgfsysprotocol.code.tex
File: pgfsysprotocol.code.tex 2023-01-15 v3.1.10 (3.1.10)
))
(/nix/store/rh2w1bhfx9x458nc45fmb0xjnsvhrs1l-texlive-combined-2023-texmfdist/te
x/generic/pgf/basiclayer/pgfcore.code.tex
Package: pgfcore 2023-01-15 v3.1.10 (3.1.10)

(/nix/store/rh2w1bhfx9x458nc45fmb0xjnsvhrs1l-texlive-combined-2023-texmfdist/te
x/generic/pgf/math/pgfmath.code.tex
(/nix/store/rh2w1bhfx9x458nc45fmb0xjnsvhrs1l-texlive-combined-2023-texmfdist/te
x/generic/pgf/math/pgfmathutil.code.tex)
(/nix/store/rh2w1bhfx9x458nc45fmb0xjnsvhrs1l-texlive-combined-2023-texmfdist/te
x/generic/pgf/math/pgfmathparser.code.tex
\pgfmath@dimen=\dimen159
\pgfmath@count=\count275
\pgfmath@box=\box56
\pgfmath@toks=\toks29
\pgfmath@stack@operand=\toks30
\pgfmath@stack@operation=\toks31
)
(/nix/store/rh2w1bhfx9x458nc45fmb0xjnsvhrs1l-texlive-combined-2023-texmfdist/te
x/generic/pgf/math/pgfmathfunctions.code.tex)
(/nix/store/rh2w1bhfx9x458nc45fmb0xjnsvhrs1l-texlive-combined-2023-texmfdist/te
x/generic/pgf/math/pgfmathfunctions.basic.code.tex)
(/nix/store/rh2w1bhfx9x458nc45fmb0xjnsvhrs1l-texlive-combined-2023-texmfdist/te
x/generic/pgf/math/pgfmathfunctions.trigonometric.code.tex)
(/nix/store/rh2w1bhfx9x458nc45fmb0xjnsvhrs1l-texlive-combined-2023-texmfdist/te
x/generic/pgf/math/pgfmathfunctions.random.code.tex)
(/nix/store/rh2w1bhfx9x458nc45fmb0xjnsvhrs1l-texlive-combined-2023-texmfdist/te
x/generic/pgf/math/pgfmathfunctions.comparison.code.tex)
(/nix/store/rh2w1bhfx9x458nc45fmb0xjnsvhrs1l-texlive-combined-2023-texmfdist/te
x/generic/pgf/math/pgfmathfunctions.base.code.tex)
(/nix/store/rh2w1bhfx9x458nc45fmb0xjnsvhrs1l-texlive-combined-2023-texmfdist/te
x/generic/pgf/math/pgfmathfunctions.round.code.tex)
(/nix/store/rh2w1bhfx9x458nc45fmb0xjnsvhrs1l-texlive-combined-2023-texmfdist/te
x/generic/pgf/math/pgfmathfunctions.misc.code.tex)
(/nix/store/rh2w1bhfx9x458nc45fmb0xjnsvhrs1l-texlive-combined-2023-texmfdist/te
x/generic/pgf/math/pgfmathfunctions.integerarithmetics.code.tex)
(/nix/store/rh2w1bhfx9x458nc45fmb0xjnsvhrs1l-texlive-combined-2023-texmfdist/te
x/generic/pgf/math/pgfmathcalc.code.tex)
(/nix/store/rh2w1bhfx9x458nc45fmb0xjnsvhrs1l-texlive-combined-2023-texmfdist/te
x/generic/pgf/math/pgfmathfloat.code.tex
\c@pgfmathroundto@lastzeros=\count276
))
(/nix/store/rh2w1bhfx9x458nc45fmb0xjnsvhrs1l-texlive-combined-2023-texmfdist/te
x/generic/pgf/math/pgfint.code.tex)
(/nix/store/rh2w1bhfx9x458nc45fmb0xjnsvhrs1l-texlive-combined-2023-texmfdist/te
x/generic/pgf/basiclayer/pgfcorepoints.code.tex
File: pgfcorepoints.code.tex 2023-01-15 v3.1.10 (3.1.10)
\pgf@picminx=\dimen160
\pgf@picmaxx=\dimen161
\pgf@picminy=\dimen162
\pgf@picmaxy=\dimen163
\pgf@pathminx=\dimen164
\pgf@pathmaxx=\dimen165
\pgf@pathminy=\dimen166
\pgf@pathmaxy=\dimen167
\pgf@xx=\dimen168
\pgf@xy=\dimen169
\pgf@yx=\dimen170
\pgf@yy=\dimen171
\pgf@zx=\dimen172
\pgf@zy=\dimen173
)
(/nix/store/rh2w1bhfx9x458nc45fmb0xjnsvhrs1l-texlive-combined-2023-texmfdist/te
x/generic/pgf/basiclayer/pgfcorepathconstruct.code.tex
File: pgfcorepathconstruct.code.tex 2023-01-15 v3.1.10 (3.1.10)
\pgf@path@lastx=\dimen174
\pgf@path@lasty=\dimen175
)
(/nix/store/rh2w1bhfx9x458nc45fmb0xjnsvhrs1l-texlive-combined-2023-texmfdist/te
x/generic/pgf/basiclayer/pgfcorepathusage.code.tex
File: pgfcorepathusage.code.tex 2023-01-15 v3.1.10 (3.1.10)
\pgf@shorten@end@additional=\dimen176
\pgf@shorten@start@additional=\dimen177
)
(/nix/store/rh2w1bhfx9x458nc45fmb0xjnsvhrs1l-texlive-combined-2023-texmfdist/te
x/generic/pgf/basiclayer/pgfcorescopes.code.tex
File: pgfcorescopes.code.tex 2023-01-15 v3.1.10 (3.1.10)
\pgfpic=\box57
\pgf@hbox=\box58
\pgf@layerbox@main=\box59
\pgf@picture@serial@count=\count277
)
(/nix/store/rh2w1bhfx9x458nc45fmb0xjnsvhrs1l-texlive-combined-2023-texmfdist/te
x/generic/pgf/basiclayer/pgfcoregraphicstate.code.tex
File: pgfcoregraphicstate.code.tex 2023-01-15 v3.1.10 (3.1.10)
\pgflinewidth=\dimen178
)
(/nix/store/rh2w1bhfx9x458nc45fmb0xjnsvhrs1l-texlive-combined-2023-texmfdist/te
x/generic/pgf/basiclayer/pgfcoretransformations.code.tex
File: pgfcoretransformations.code.tex 2023-01-15 v3.1.10 (3.1.10)
\pgf@pt@x=\dimen179
\pgf@pt@y=\dimen180
\pgf@pt@temp=\dimen181
)
(/nix/store/rh2w1bhfx9x458nc45fmb0xjnsvhrs1l-texlive-combined-2023-texmfdist/te
x/generic/pgf/basiclayer/pgfcorequick.code.tex
File: pgfcorequick.code.tex 2023-01-15 v3.1.10 (3.1.10)
)
(/nix/store/rh2w1bhfx9x458nc45fmb0xjnsvhrs1l-texlive-combined-2023-texmfdist/te
x/generic/pgf/basiclayer/pgfcoreobjects.code.tex
File: pgfcoreobjects.code.tex 2023-01-15 v3.1.10 (3.1.10)
)
(/nix/store/rh2w1bhfx9x458nc45fmb0xjnsvhrs1l-texlive-combined-2023-texmfdist/te
x/generic/pgf/basiclayer/pgfcorepathprocessing.code.tex
File: pgfcorepathprocessing.code.tex 2023-01-15 v3.1.10 (3.1.10)
)
(/nix/store/rh2w1bhfx9x458nc45fmb0xjnsvhrs1l-texlive-combined-2023-texmfdist/te
x/generic/pgf/basiclayer/pgfcorearrows.code.tex
File: pgfcorearrows.code.tex 2023-01-15 v3.1.10 (3.1.10)
\pgfarrowsep=\dimen182
)
(/nix/store/rh2w1bhfx9x458nc45fmb0xjnsvhrs1l-texlive-combined-2023-texmfdist/te
x/generic/pgf/basiclayer/pgfcoreshade.code.tex
File: pgfcoreshade.code.tex 2023-01-15 v3.1.10 (3.1.10)
\pgf@max=\dimen183
\pgf@sys@shading@range@num=\count278
\pgf@shadingcount=\count279
)
(/nix/store/rh2w1bhfx9x458nc45fmb0xjnsvhrs1l-texlive-combined-2023-texmfdist/te
x/generic/pgf/basiclayer/pgfcoreimage.code.tex
File: pgfcoreimage.code.tex 2023-01-15 v3.1.10 (3.1.10)
)
(/nix/store/rh2w1bhfx9x458nc45fmb0xjnsvhrs1l-texlive-combined-2023-texmfdist/te
x/generic/pgf/basiclayer/pgfcoreexternal.code.tex
File: pgfcoreexternal.code.tex 2023-01-15 v3.1.10 (3.1.10)
\pgfexternal@startupbox=\box60
)
(/nix/store/rh2w1bhfx9x458nc45fmb0xjnsvhrs1l-texlive-combined-2023-texmfdist/te
x/generic/pgf/basiclayer/pgfcorelayers.code.tex
File: pgfcorelayers.code.tex 2023-01-15 v3.1.10 (3.1.10)
)
(/nix/store/rh2w1bhfx9x458nc45fmb0xjnsvhrs1l-texlive-combined-2023-texmfdist/te
x/generic/pgf/basiclayer/pgfcoretransparency.code.tex
File: pgfcoretransparency.code.tex 2023-01-15 v3.1.10 (3.1.10)
)
(/nix/store/rh2w1bhfx9x458nc45fmb0xjnsvhrs1l-texlive-combined-2023-texmfdist/te
x/generic/pgf/basiclayer/pgfcorepatterns.code.tex
File: pgfcorepatterns.code.tex 2023-01-15 v3.1.10 (3.1.10)
)
(/nix/store/rh2w1bhfx9x458nc45fmb0xjnsvhrs1l-texlive-combined-2023-texmfdist/te
x/generic/pgf/basiclayer/pgfcorerdf.code.tex
File: pgfcorerdf.code.tex 2023-01-15 v3.1.10 (3.1.10)
)))
(/nix/store/rh2w1bhfx9x458nc45fmb0xjnsvhrs1l-texlive-combined-2023-texmfdist/te
x/generic/pgf/modules/pgfmoduleshapes.code.tex
File: pgfmoduleshapes.code.tex 2023-01-15 v3.1.10 (3.1.10)
\pgfnodeparttextbox=\box61
)
(/nix/store/rh2w1bhfx9x458nc45fmb0xjnsvhrs1l-texlive-combined-2023-texmfdist/te
x/generic/pgf/modules/pgfmoduleplot.code.tex
File: pgfmoduleplot.code.tex 2023-01-15 v3.1.10 (3.1.10)
)
(/nix/store/rh2w1bhfx9x458nc45fmb0xjnsvhrs1l-texlive-combined-2023-texmfdist/te
x/latex/pgf/compatibility/pgfcomp-version-0-65.sty
Package: pgfcomp-version-0-65 2023-01-15 v3.1.10 (3.1.10)
\pgf@nodesepstart=\dimen184
\pgf@nodesepend=\dimen185
)
(/nix/store/rh2w1bhfx9x458nc45fmb0xjnsvhrs1l-texlive-combined-2023-texmfdist/te
x/latex/pgf/compatibility/pgfcomp-version-1-18.sty
Package: pgfcomp-version-1-18 2023-01-15 v3.1.10 (3.1.10)
))
(/nix/store/rh2w1bhfx9x458nc45fmb0xjnsvhrs1l-texlive-combined-2023-texmfdist/te
x/latex/pgf/utilities/pgffor.sty
(/nix/store/rh2w1bhfx9x458nc45fmb0xjnsvhrs1l-texlive-combined-2023-texmfdist/te
x/latex/pgf/utilities/pgfkeys.sty
(/nix/store/rh2w1bhfx9x458nc45fmb0xjnsvhrs1l-texlive-combined-2023-texmfdist/te
x/generic/pgf/utilities/pgfkeys.code.tex))
(/nix/store/rh2w1bhfx9x458nc45fmb0xjnsvhrs1l-texlive-combined-2023-texmfdist/te
x/latex/pgf/math/pgfmath.sty
(/nix/store/rh2w1bhfx9x458nc45fmb0xjnsvhrs1l-texlive-combined-2023-texmfdist/te
x/generic/pgf/math/pgfmath.code.tex))
(/nix/store/rh2w1bhfx9x458nc45fmb0xjnsvhrs1l-texlive-combined-2023-texmfdist/te
x/generic/pgf/utilities/pgffor.code.tex
Package: pgffor 2023-01-15 v3.1.10 (3.1.10)
\pgffor@iter=\dimen186
\pgffor@skip=\dimen187
\pgffor@stack=\toks32
\pgffor@toks=\toks33
))
(/nix/store/rh2w1bhfx9x458nc45fmb0xjnsvhrs1l-texlive-combined-2023-texmfdist/te
x/generic/pgf/frontendlayer/tikz/tikz.code.tex
Package: tikz 2023-01-15 v3.1.10 (3.1.10)

(/nix/store/rh2w1bhfx9x458nc45fmb0xjnsvhrs1l-texlive-combined-2023-texmfdist/te
x/generic/pgf/libraries/pgflibraryplothandlers.code.tex
File: pgflibraryplothandlers.code.tex 2023-01-15 v3.1.10 (3.1.10)
\pgf@plot@mark@count=\count280
\pgfplotmarksize=\dimen188
)
\tikz@lastx=\dimen189
\tikz@lasty=\dimen190
\tikz@lastxsaved=\dimen191
\tikz@lastysaved=\dimen192
\tikz@lastmovetox=\dimen193
\tikz@lastmovetoy=\dimen194
\tikzleveldistance=\dimen195
\tikzsiblingdistance=\dimen196
\tikz@figbox=\box62
\tikz@figbox@bg=\box63
\tikz@tempbox=\box64
\tikz@tempbox@bg=\box65
\tikztreelevel=\count281
\tikznumberofchildren=\count282
\tikznumberofcurrentchild=\count283
\tikz@fig@count=\count284

(/nix/store/rh2w1bhfx9x458nc45fmb0xjnsvhrs1l-texlive-combined-2023-texmfdist/te
x/generic/pgf/modules/pgfmodulematrix.code.tex
File: pgfmodulematrix.code.tex 2023-01-15 v3.1.10 (3.1.10)
\pgfmatrixcurrentrow=\count285
\pgfmatrixcurrentcolumn=\count286
\pgf@matrix@numberofcolumns=\count287
)
\tikz@expandcount=\count288

(/nix/store/rh2w1bhfx9x458nc45fmb0xjnsvhrs1l-texlive-combined-2023-texmfdist/te
x/generic/pgf/frontendlayer/tikz/libraries/tikzlibrarytopaths.code.tex
File: tikzlibrarytopaths.code.tex 2023-01-15 v3.1.10 (3.1.10)
)))))
(/nix/store/rh2w1bhfx9x458nc45fmb0xjnsvhrs1l-texlive-combined-2023-texmfdist/te
x/latex/moderncv/moderncvheadi.sty
Package: moderncvheadi 2022-02-21 v2.3.1 modern curriculum vitae and letter hea
der variant: 1
\quotewidth=\skip68
\makecvheadnamewidth=\skip69
)
(/nix/store/rh2w1bhfx9x458nc45fmb0xjnsvhrs1l-texlive-combined-2023-texmfdist/te
x/latex/moderncv/moderncvbodyi.sty
Package: moderncvbodyi 2022-02-21 v2.3.1 modern curriculum vitae and letter bod
y variant: 1

(/nix/store/rh2w1bhfx9x458nc45fmb0xjnsvhrs1l-texlive-combined-2023-texmfdist/te
x/latex/moderncv/moderncvskillmatrix.sty
Package: moderncvskillmatrix 2022-02-21 v2.3.1 modern curriculum vitae and lett
er skill matrix

(/nix/store/rh2w1bhfx9x458nc45fmb0xjnsvhrs1l-texlive-combined-2023-texmfdist/te
x/latex/multirow/multirow.sty
Package: multirow 2021/03/15 v2.8 Span multiple rows of a table
\multirow@colwidth=\skip70
\multirow@cntb=\count289
\multirow@dima=\skip71
\bigstrutjot=\dimen197
)
(/nix/store/rh2w1bhfx9x458nc45fmb0xjnsvhrs1l-texlive-combined-2023-texmfdist/te
x/latex/arydshln/arydshln.sty
Package: arydshln 2019/02/21 v1.76 
\dashlinedash=\dimen198
\dashlinegap=\dimen199
\adl@box=\box66
\adl@height=\dimen256
\adl@heightsave=\dimen257
\adl@depth=\dimen258
\adl@depthsave=\dimen259
\adl@finaldepth=\dimen260
\adl@columns=\count290
\adl@ncol=\count291
\adl@currentcolumn=\count292
\adl@currentcolumnsave=\count293
\adl@totalheight=\count294
\adl@totalheightsave=\count295
\adl@dash=\count296
\adl@gap=\count297
\adl@cla=\count298
\adl@clb=\count299
\adl@everyvbox=\toks34
\adl@LTpagetotal=\dimen261
)
\cvSkill@RectangleSize=\skip72
\my@repeat@count=\count300
\cvskill@width=\skip73
\cvskill@descriptorwidth=\skip74
\cvskill@experiencewidth=\skip75
\skillmatrix@columnwidth=\skip76
\skillmatrix@commentwidth=\skip77
\skillmatrix@padding=\skip78
\skillmatrix@hintscolumnwidth=\skip79
\skillmatrix@bodylength=\skip80
\cvskilllegend@leftdescriptorwidth=\skip81
\cvskilllegend@rightdescriptorwidth=\skip82
\skilllegend@hintscolumnwidth=\skip83
\skilllegend@padding=\skip84
\skilllegend@bodylength=\skip85
\separatorrulewidth=\skip86
)
\hintscolumnwidth=\skip87
\separatorcolumnwidth=\skip88
\maincolumnwidth=\skip89
\doubleitemcolumnwidth=\skip90
\listitemsymbolwidth=\skip91
\listitemcolumnwidth=\skip92
\listdoubleitemcolumnwidth=\skip93
\baseletterheight=\skip94
\cvitemwithcommentbox=\box67
\cvitemwithcommentskilllength=\skip95
\cvitemwithcommentcommentlength=\skip96
))
(/nix/store/rh2w1bhfx9x458nc45fmb0xjnsvhrs1l-texlive-combined-2023-texmfdist/te
x/latex/moderncv/moderncvcolorblue.sty
Package: moderncvcolorblue 2022-02-21 v2.3.1 modern curriculum vitae and letter
 color scheme: blue
)
(/nix/store/rh2w1bhfx9x458nc45fmb0xjnsvhrs1l-texlive-combined-2023-texmfdist/te
x/latex/geometry/geometry.sty
Package: geometry 2020/01/02 v5.9 Page Geometry

(/nix/store/rh2w1bhfx9x458nc45fmb0xjnsvhrs1l-texlive-combined-2023-texmfdist/te
x/generic/iftex/ifvtex.sty
Package: ifvtex 2019/10/25 v1.7 ifvtex legacy package. Use iftex instead.
)
\Gm@cnth=\count301
\Gm@cntv=\count302
\c@Gm@tempcnt=\count303
\Gm@bindingoffset=\dimen262
\Gm@wd@mp=\dimen263
\Gm@odd@mp=\dimen264
\Gm@even@mp=\dimen265
\Gm@layoutwidth=\dimen266
\Gm@layoutheight=\dimen267
\Gm@layouthoffset=\dimen268
\Gm@layoutvoffset=\dimen269
\Gm@dimlist=\toks35
)
(/nix/store/rh2w1bhfx9x458nc45fmb0xjnsvhrs1l-texlive-combined-2023-texmfdist/te
x/latex/fontspec/fontspec.sty
Package: fontspec 2024/02/13 v2.9a Font selection for XeLaTeX and LuaLaTeX

(/nix/store/rh2w1bhfx9x458nc45fmb0xjnsvhrs1l-texlive-combined-2023-texmfdist/te
x/latex/fontspec/fontspec-xetex.sty
Package: fontspec-xetex 2024/02/13 v2.9a Font selection for XeLaTeX and LuaLaTe
X
\l__fontspec_script_int=\count304
\l__fontspec_language_int=\count305
\l__fontspec_strnum_int=\count306
\l__fontspec_tmp_int=\count307
\l__fontspec_tmpa_int=\count308
\l__fontspec_tmpb_int=\count309
\l__fontspec_tmpc_int=\count310
\l__fontspec_em_int=\count311
\l__fontspec_emdef_int=\count312
\l__fontspec_strong_int=\count313
\l__fontspec_strongdef_int=\count314
\l__fontspec_tmpa_dim=\dimen270
\l__fontspec_tmpb_dim=\dimen271
\l__fontspec_tmpc_dim=\dimen272

(/nix/store/rh2w1bhfx9x458nc45fmb0xjnsvhrs1l-texlive-combined-2023-texmfdist/te
x/latex/base/fontenc.sty
Package: fontenc 2021/04/29 v2.0v Standard LaTeX package
)
(/nix/store/rh2w1bhfx9x458nc45fmb0xjnsvhrs1l-texlive-combined-2023-texmfdist/te
x/latex/fontspec/fontspec.cfg)))
(/nix/store/rh2w1bhfx9x458nc45fmb0xjnsvhrs1l-texlive-combined-2023-texmfdist/te
x/latex/hyperref/hyperref.sty
Package: hyperref 2024-01-20 v7.01h Hypertext links for LaTeX

(/nix/store/rh2w1bhfx9x458nc45fmb0xjnsvhrs1l-texlive-combined-2023-texmfdist/te
x/latex/kvsetkeys/kvsetkeys.sty
Package: kvsetkeys 2022-10-05 v1.19 Key value parser (HO)
)
(/nix/store/rh2w1bhfx9x458nc45fmb0xjnsvhrs1l-texlive-combined-2023-texmfdist/te
x/generic/kvdefinekeys/kvdefinekeys.sty
Package: kvdefinekeys 2019-12-19 v1.6 Define keys (HO)
)
(/nix/store/rh2w1bhfx9x458nc45fmb0xjnsvhrs1l-texlive-combined-2023-texmfdist/te
x/generic/pdfescape/pdfescape.sty
Package: pdfescape 2019/12/09 v1.15 Implements pdfTeX's escape features (HO)

(/nix/store/rh2w1bhfx9x458nc45fmb0xjnsvhrs1l-texlive-combined-2023-texmfdist/te
x/generic/ltxcmds/ltxcmds.sty
Package: ltxcmds 2023-12-04 v1.26 LaTeX kernel commands for general use (HO)
)
(/nix/store/rh2w1bhfx9x458nc45fmb0xjnsvhrs1l-texlive-combined-2023-texmfdist/te
x/generic/pdftexcmds/pdftexcmds.sty
Package: pdftexcmds 2020-06-27 v0.33 Utility functions of pdfTeX for LuaTeX (HO
)

(/nix/store/rh2w1bhfx9x458nc45fmb0xjnsvhrs1l-texlive-combined-2023-texmfdist/te
x/generic/infwarerr/infwarerr.sty
Package: infwarerr 2019/12/03 v1.5 Providing info/warning/error messages (HO)
)
Package pdftexcmds Info: \pdf@primitive is available.
Package pdftexcmds Info: \pdf@ifprimitive is available.
Package pdftexcmds Info: \pdfdraftmode not found.
))
(/nix/store/rh2w1bhfx9x458nc45fmb0xjnsvhrs1l-texlive-combined-2023-texmfdist/te
x/latex/hycolor/hycolor.sty
Package: hycolor 2020-01-27 v1.10 Color options for hyperref/bookmark (HO)
)
(/nix/store/rh2w1bhfx9x458nc45fmb0xjnsvhrs1l-texlive-combined-2023-texmfdist/te
x/latex/auxhook/auxhook.sty
Package: auxhook 2019-12-17 v1.6 Hooks for auxiliary files (HO)
)
(/nix/store/rh2w1bhfx9x458nc45fmb0xjnsvhrs1l-texlive-combined-2023-texmfdist/te
x/latex/hyperref/nameref.sty
Package: nameref 2023-11-26 v2.56 Cross-referencing by name of section

(/nix/store/rh2w1bhfx9x458nc45fmb0xjnsvhrs1l-texlive-combined-2023-texmfdist/te
x/latex/refcount/refcount.sty
Package: refcount 2019/12/15 v3.6 Data extraction from label references (HO)
)
(/nix/store/rh2w1bhfx9x458nc45fmb0xjnsvhrs1l-texlive-combined-2023-texmfdist/te
x/generic/gettitlestring/gettitlestring.sty
Package: gettitlestring 2019/12/15 v1.6 Cleanup title references (HO)

(/nix/store/rh2w1bhfx9x458nc45fmb0xjnsvhrs1l-texlive-combined-2023-texmfdist/te
x/latex/kvoptions/kvoptions.sty
Package: kvoptions 2022-06-15 v3.15 Key value format for package options (HO)
))
\c@section@level=\count315
)
\@linkdim=\dimen273
\Hy@linkcounter=\count316
\Hy@pagecounter=\count317

(/nix/store/rh2w1bhfx9x458nc45fmb0xjnsvhrs1l-texlive-combined-2023-texmfdist/te
x/latex/hyperref/pd1enc.def
File: pd1enc.def 2024-01-20 v7.01h Hyperref: PDFDocEncoding definition (HO)
)
(/nix/store/rh2w1bhfx9x458nc45fmb0xjnsvhrs1l-texlive-combined-2023-texmfdist/te
x/generic/intcalc/intcalc.sty
Package: intcalc 2019/12/15 v1.3 Expandable calculations with integers (HO)
)
\Hy@SavedSpaceFactor=\count318

(/nix/store/rh2w1bhfx9x458nc45fmb0xjnsvhrs1l-texlive-combined-2023-texmfdist/te
x/latex/hyperref/puenc.def
File: puenc.def 2024-01-20 v7.01h Hyperref: PDF Unicode definition (HO)
)
Package hyperref Info: Option `unicode' set `true' on input line 4062.
Package hyperref Info: Hyper figures OFF on input line 4179.
Package hyperref Info: Link nesting OFF on input line 4184.
Package hyperref Info: Hyper index ON on input line 4187.
Package hyperref Info: Plain pages OFF on input line 4194.
Package hyperref Info: Backreferencing OFF on input line 4199.
Package hyperref Info: Implicit mode ON; LaTeX internals redefined.
Package hyperref Info: Bookmarks ON on input line 4446.
\c@Hy@tempcnt=\count319
LaTeX Info: Redefining \url on input line 4784.
\XeTeXLinkMargin=\dimen274

(/nix/store/rh2w1bhfx9x458nc45fmb0xjnsvhrs1l-texlive-combined-2023-texmfdist/te
x/generic/bitset/bitset.sty
Package: bitset 2019/12/09 v1.3 Handle bit-vector datatype (HO)

(/nix/store/rh2w1bhfx9x458nc45fmb0xjnsvhrs1l-texlive-combined-2023-texmfdist/te
x/generic/bigintcalc/bigintcalc.sty
Package: bigintcalc 2019/12/15 v1.5 Expandable calculations on big integers (HO
)
))
\Fld@menulength=\count320
\Field@Width=\dimen275
\Fld@charsize=\dimen276
Package hyperref Info: Hyper figures OFF on input line 6063.
Package hyperref Info: Link nesting OFF on input line 6068.
Package hyperref Info: Hyper index ON on input line 6071.
Package hyperref Info: backreferencing OFF on input line 6078.
Package hyperref Info: Link coloring OFF on input line 6083.
Package hyperref Info: Link coloring with OCG OFF on input line 6088.
Package hyperref Info: PDF/A mode OFF on input line 6093.

(/nix/store/rh2w1bhfx9x458nc45fmb0xjnsvhrs1l-texlive-combined-2023-texmfdist/te
x/latex/base/atbegshi-ltx.sty
Package: atbegshi-ltx 2021/01/10 v1.0c Emulation of the original atbegshi
package with kernel methods
)
\Hy@abspage=\count321
\c@Item=\count322
\c@Hfootnote=\count323
)
Package hyperref Info: Driver (autodetected): hxetex.

(/nix/store/rh2w1bhfx9x458nc45fmb0xjnsvhrs1l-texlive-combined-2023-texmfdist/te
x/latex/hyperref/hxetex.def
File: hxetex.def 2024-01-20 v7.01h Hyperref driver for XeTeX

(/nix/store/rh2w1bhfx9x458nc45fmb0xjnsvhrs1l-texlive-combined-2023-texmfdist/te
x/generic/stringenc/stringenc.sty
Package: stringenc 2019/11/29 v1.12 Convert strings between diff. encodings (HO
)
)
\pdfm@box=\box68
\c@Hy@AnnotLevel=\count324
\HyField@AnnotCount=\count325
\Fld@listcount=\count326
\c@bookmark@seq@number=\count327

(/nix/store/rh2w1bhfx9x458nc45fmb0xjnsvhrs1l-texlive-combined-2023-texmfdist/te
x/latex/rerunfilecheck/rerunfilecheck.sty
Package: rerunfilecheck 2022-07-10 v1.10 Rerun checks for auxiliary files (HO)

(/nix/store/rh2w1bhfx9x458nc45fmb0xjnsvhrs1l-texlive-combined-2023-texmfdist/te
x/latex/base/atveryend-ltx.sty
Package: atveryend-ltx 2020/08/19 v1.0a Emulation of the original atveryend pac
kage
with kernel methods
)
(/nix/store/rh2w1bhfx9x458nc45fmb0xjnsvhrs1l-texlive-combined-2023-texmfdist/te
x/generic/uniquecounter/uniquecounter.sty
Package: uniquecounter 2019/12/15 v1.4 Provide unlimited unique counter (HO)
)
Package uniquecounter Info: New unique counter `rerunfilecheck' on input line 2
85.
)
\Hy@SectionHShift=\skip97
)
Package hyperref Info: Option `breaklinks' set `true' on input line 28.
Package hyperref Info: Option `bookmarksopen' set `true' on input line 28.
 (./resume.aux)
\openout1 = `resume.aux'.

LaTeX Font Info:    Checking defaults for OML/cmm/m/it on input line 28.
LaTeX Font Info:    ... okay on input line 28.
LaTeX Font Info:    Checking defaults for OMS/cmsy/m/n on input line 28.
LaTeX Font Info:    ... okay on input line 28.
LaTeX Font Info:    Checking defaults for OT1/cmr/m/n on input line 28.
LaTeX Font Info:    ... okay on input line 28.
LaTeX Font Info:    Checking defaults for T1/cmr/m/n on input line 28.
LaTeX Font Info:    ... okay on input line 28.
LaTeX Font Info:    Checking defaults for TS1/cmr/m/n on input line 28.
LaTeX Font Info:    Trying to load font information for TS1+cmr on input line 2
8.

(/nix/store/rh2w1bhfx9x458nc45fmb0xjnsvhrs1l-texlive-combined-2023-texmfdist/te
x/latex/base/ts1cmr.fd
File: ts1cmr.fd 2023/04/13 v2.5m Standard LaTeX font definitions
)
LaTeX Font Info:    ... okay on input line 28.
LaTeX Font Info:    Checking defaults for TU/lmr/m/n on input line 28.
LaTeX Font Info:    ... okay on input line 28.
LaTeX Font Info:    Checking defaults for OMX/cmex/m/n on input line 28.
LaTeX Font Info:    ... okay on input line 28.
LaTeX Font Info:    Checking defaults for U/cmr/m/n on input line 28.
LaTeX Font Info:    ... okay on input line 28.
LaTeX Font Info:    Checking defaults for PD1/pdf/m/n on input line 28.
LaTeX Font Info:    ... okay on input line 28.
LaTeX Font Info:    Checking defaults for PU/pdf/m/n on input line 28.
LaTeX Font Info:    ... okay on input line 28.
LaTeX Info: Redefining \microtypecontext on input line 28.
Package microtype Info: Applying patch `item' on input line 28.
Package microtype Info: Applying patch `toc' on input line 28.
Package microtype Info: Applying patch `eqnum' on input line 28.
Package microtype Info: Applying patch `footnote' on input line 28.
Package microtype Info: Applying patch `verbatim' on input line 28.
Package microtype Info: Character protrusion enabled (level 2).
Package microtype Info: Using default protrusion set `alltext'.
Package microtype Info: No adjustment of tracking.
Package microtype Info: No adjustment of spacing.
Package microtype Info: No adjustment of kerning.
Package microtype Info: Loading generic protrusion settings for font family
(microtype)             `lmss' (encoding: TU).
(microtype)             For optimal results, create family-specific settings.
(microtype)             See the microtype manual for details.

*geometry* driver: auto-detecting
*geometry* detected driver: xetex
*geometry* verbose mode - [ preamble ] result:
* driver: xetex
* paper: a4paper
* layout: <same size as paper>
* layoutoffset:(h,v)=(0.0pt,0.0pt)
* modes: 
* h-part:(L,W,R)=(89.62709pt, 418.25368pt, 89.6271pt)
* v-part:(T,H,B)=(101.40665pt, 591.5302pt, 152.11pt)
* \paperwidth=597.50787pt
* \paperheight=845.04684pt
* \textwidth=418.25368pt
* \textheight=591.5302pt
* \oddsidemargin=17.3571pt
* \evensidemargin=17.3571pt
* \topmargin=-7.86334pt
* \headheight=12.0pt
* \headsep=25.0pt
* \topskip=11.0pt
* \footskip=30.0pt
* \marginparwidth=50.0pt
* \marginparsep=10.0pt
* \columnsep=10.0pt
* \skip\footins=10.0pt plus 4.0pt minus 2.0pt
* \hoffset=0.0pt
* \voffset=0.0pt
* \mag=1000
* \@twocolumnfalse
* \@twosidefalse
* \@mparswitchfalse
* \@reversemarginfalse
* (1in=72.27pt=25.4mm, 1cm=28.453pt)


Package fontspec Info: Adjusting the maths setup (use [no-math] to avoid
(fontspec)             this).

\symlegacymaths=\mathgroup4
LaTeX Font Info:    Overwriting symbol font `legacymaths' in version `bold'
(Font)                  OT1/cmr/m/n --> OT1/cmr/bx/n on input line 28.
LaTeX Font Info:    Redeclaring math accent \acute on input line 28.
LaTeX Font Info:    Redeclaring math accent \grave on input line 28.
LaTeX Font Info:    Redeclaring math accent \ddot on input line 28.
LaTeX Font Info:    Redeclaring math accent \tilde on input line 28.
LaTeX Font Info:    Redeclaring math accent \bar on input line 28.
LaTeX Font Info:    Redeclaring math accent \breve on input line 28.
LaTeX Font Info:    Redeclaring math accent \check on input line 28.
LaTeX Font Info:    Redeclaring math accent \hat on input line 28.
LaTeX Font Info:    Redeclaring math accent \dot on input line 28.
LaTeX Font Info:    Redeclaring math accent \mathring on input line 28.
LaTeX Font Info:    Redeclaring math symbol \colon on input line 28.
LaTeX Font Info:    Redeclaring math symbol \Gamma on input line 28.
LaTeX Font Info:    Redeclaring math symbol \Delta on input line 28.
LaTeX Font Info:    Redeclaring math symbol \Theta on input line 28.
LaTeX Font Info:    Redeclaring math symbol \Lambda on input line 28.
LaTeX Font Info:    Redeclaring math symbol \Xi on input line 28.
LaTeX Font Info:    Redeclaring math symbol \Pi on input line 28.
LaTeX Font Info:    Redeclaring math symbol \Sigma on input line 28.
LaTeX Font Info:    Redeclaring math symbol \Upsilon on input line 28.
LaTeX Font Info:    Redeclaring math symbol \Phi on input line 28.
LaTeX Font Info:    Redeclaring math symbol \Psi on input line 28.
LaTeX Font Info:    Redeclaring math symbol \Omega on input line 28.
LaTeX Font Info:    Redeclaring math symbol \mathdollar on input line 28.
LaTeX Font Info:    Redeclaring symbol font `operators' on input line 28.
LaTeX Font Info:    Encoding `OT1' has changed to `TU' for symbol font
(Font)              `operators' in the math version `normal' on input line 28.
LaTeX Font Info:    Overwriting symbol font `operators' in version `normal'
(Font)                  OT1/cmr/m/n --> TU/lmr/m/n on input line 28.
LaTeX Font Info:    Encoding `OT1' has changed to `TU' for symbol font
(Font)              `operators' in the math version `bold' on input line 28.
LaTeX Font Info:    Overwriting symbol font `operators' in version `bold'
(Font)                  OT1/cmr/bx/n --> TU/lmr/m/n on input line 28.
LaTeX Font Info:    Overwriting symbol font `operators' in version `normal'
(Font)                  TU/lmr/m/n --> TU/lmr/m/n on input line 28.
LaTeX Font Info:    Overwriting math alphabet `\mathit' in version `normal'
(Font)                  OT1/cmr/m/it --> TU/lmr/m/it on input line 28.
LaTeX Font Info:    Overwriting math alphabet `\mathbf' in version `normal'
(Font)                  OT1/cmr/bx/n --> TU/lmr/b/n on input line 28.
LaTeX Font Info:    Overwriting math alphabet `\mathsf' in version `normal'
(Font)                  OT1/cmss/m/n --> TU/lmss/m/n on input line 28.
LaTeX Font Info:    Overwriting math alphabet `\mathtt' in version `normal'
(Font)                  OT1/cmtt/m/n --> TU/lmtt/m/n on input line 28.
LaTeX Font Info:    Overwriting symbol font `operators' in version `bold'
(Font)                  TU/lmr/m/n --> TU/lmr/b/n on input line 28.
LaTeX Font Info:    Overwriting math alphabet `\mathit' in version `bold'
(Font)                  OT1/cmr/bx/it --> TU/lmr/b/it on input line 28.
LaTeX Font Info:    Overwriting math alphabet `\mathsf' in version `bold'
(Font)                  OT1/cmss/bx/n --> TU/lmss/b/n on input line 28.
LaTeX Font Info:    Overwriting math alphabet `\mathtt' in version `bold'
(Font)                  OT1/cmtt/m/n --> TU/lmtt/b/n on input line 28.
Package hyperref Info: Link coloring OFF on input line 28.
(./resume.out) (./resume.out)
\@outlinefile=\write4
\openout4 = `resume.out'.

\pagenumberwidth=\skip98
LaTeX Font Info:    Font shape `TU/lmss/m/it' in size <10> not available
(Font)              Font shape `TU/lmss/m/sl' tried instead on input line 28.
\makecvheaddetailsbox=\box69

(/nix/store/rh2w1bhfx9x458nc45fmb0xjnsvhrs1l-texlive-combined-2023-texmfdist/te
x/latex/microtype/mt-LatinModernRoman.cfg
File: mt-LatinModernRoman.cfg 2021/02/21 v1.1 microtype config. file: Latin Mod
ern Roman (RS)
)
LaTeX Font Info:    External font `cmex10' loaded for size
(Font)              <7> on input line 29.
LaTeX Font Info:    External font `cmex10' loaded for size
(Font)              <5> on input line 29.

(/nix/store/rh2w1bhfx9x458nc45fmb0xjnsvhrs1l-texlive-combined-2023-texmfdist/te
x/latex/microtype/mt-cmr.cfg
File: mt-cmr.cfg 2013/05/19 v2.2 microtype config. file: Computer Modern Roman 
(RS)
)
(/nix/store/rh2w1bhfx9x458nc45fmb0xjnsvhrs1l-texlive-combined-2023-texmfdist/te
x/latex/microtype/mt-TU-empty.cfg
File: mt-TU-empty.cfg 2021/06/22 v1.1 microtype config. file: fonts with nonsta
ndard glyph set (RS)
)
\makecvheadpicturebox=\box70
File: /home/chris/testing/latex/headshot.jpg Graphic file (type bmp)
</home/chris/testing/latex/headshot.jpg>
\makecvheaddetailswidth=\skip99
\makecvheadpicturewidth=\skip100
\makecvheadnamebox=\box71

Underfull \hbox (badness 10000) in paragraph at lines 29--29

 []

LaTeX Font Info:    External font `cmex10' loaded for size
(Font)              <10.95> on input line 31.
LaTeX Font Info:    External font `cmex10' loaded for size
(Font)              <8> on input line 31.
LaTeX Font Info:    External font `cmex10' loaded for size
(Font)              <6> on input line 31.
[1

]
Underfull \hbox (badness 7291) in paragraph at lines 59--59
[]\TU/lmss/m/n/10.95 Starting my working life
 []


Underfull \hbox (badness 2662) in paragraph at lines 59--59
\TU/lmss/m/n/10.95 in the restaurant industry
 []


Underfull \hbox (badness 10000) in paragraph at lines 59--59
\TU/lmss/m/n/10.95 problem-solving techniques,
 []


Underfull \hbox (badness 1776) in paragraph at lines 59--59
\TU/lmss/m/n/10.95 paired with my degree in
 []


Underfull \hbox (badness 7981) in paragraph at lines 59--59
\TU/lmss/m/n/10.95 diverse work background–
 []


Underfull \hbox (badness 10000) in paragraph at lines 59--59
\TU/lmss/m/n/10.95 including positions as a
 []


Underfull \hbox (badness 5954) in paragraph at lines 59--59
\TU/lmss/m/n/10.95 Brand Ambassador for a
 []


Underfull \hbox (badness 4967) in paragraph at lines 59--59
\TU/lmss/m/n/10.95 trainers at The El Felix
 []


Underfull \hbox (badness 1365) in paragraph at lines 59--59
[]\TU/lmss/m/n/10.95 Playing off of these same
 []

[2] (./resume.aux)
 ***********
LaTeX2e <2023-11-01> patch level 1
L3 programming layer <2024-02-20>
 ***********
Package rerunfilecheck Info: File `resume.out' has not changed.
(rerunfilecheck)             Checksum: BC8C1063A84CF1C795DAE4A836FC19E8;644.
 ) 
Here is how much of TeX's memory you used:
 26531 strings out of 475980
 551827 string characters out of 5768027
 1945839 words of memory out of 5000000
 48177 multiletter control sequences out of 15000+600000
 561360 words of font info for 70 fonts, out of 8000000 for 9000
 430 hyphenation exceptions out of 8191
 129i,13n,129p,1004b,470s stack positions out of 10000i,1000n,20000p,200000b,200000s

Output written on resume.pdf (2 pages).
